<?xml version="1.0" encoding="UTF-8"?>
<!-- Generated by org.testng.reporters.JUnitReportReporter -->
<testsuite hostname="DESKTOP-UEIVDB1" failures="0" tests="1" name="testNG.ParallelTestByClass2" time="14.744" errors="0" timestamp="2021-01-31T14:54:17 NZDT" skipped="0">
  <testcase classname="testNG.ParallelTestByClass2" name="registration" time="14.744"/>
  <system-out/>
</testsuite> <!-- testNG.ParallelTestByClass2 -->
