<?xml version="1.0" encoding="UTF-8"?>
<!-- Generated by org.testng.reporters.JUnitReportReporter -->
<testsuite hostname="DESKTOP-UEIVDB1" failures="0" tests="2" name="testNG.ParallelTestByMethods" time="45.260" errors="0" timestamp="2021-01-31T14:51:50 NZDT" skipped="0">
  <testcase classname="testNG.ParallelTestByMethods" name="verifyLoginAndLogout" time="21.084"/>
  <system-out/>
  <testcase classname="testNG.ParallelTestByMethods" name="registration" time="24.176"/>
  <system-out/>
</testsuite> <!-- testNG.ParallelTestByMethods -->
