<?xml version="1.0" encoding="UTF-8"?>
<!-- Generated by org.testng.reporters.JUnitReportReporter -->
<testsuite hostname="DESKTOP-UEIVDB1" failures="0" tests="4" name="testNG.CrossBrowserTest" time="77.484" errors="0" timestamp="2021-01-31T14:46:58 NZDT" skipped="0">
  <testcase classname="testNG.CrossBrowserTest" name="verifyLoginAndLogout" time="15.945"/>
  <system-out/>
  <testcase classname="testNG.CrossBrowserTest" name="verifyLoginAndLogout" time="16.055"/>
  <system-out/>
  <testcase classname="testNG.CrossBrowserTest" name="registration" time="23.442"/>
  <system-out/>
  <testcase classname="testNG.CrossBrowserTest" name="registration" time="22.042"/>
  <system-out/>
</testsuite> <!-- testNG.CrossBrowserTest -->
